INFO 2025-05-21 23:50:34,058 autoreload 10436 13836 Watching for file changes with StatReloader
INFO 2025-05-21 23:51:26,569 autoreload 10436 13836 C:\Users\hp\Desktop\car rentel app\car_rentel\settings.py changed, reloading.
INFO 2025-05-21 23:51:29,328 autoreload 24532 9588 Watching for file changes with StatReloader
INFO 2025-05-21 23:51:49,702 autoreload 14132 13084 Watching for file changes with StatReloader
INFO 2025-05-21 23:55:41,585 autoreload 14132 13084 C:\Users\hp\Desktop\car rentel app\users\models.py changed, reloading.
INFO 2025-05-22 00:05:47,139 autoreload 20460 16292 Watching for file changes with StatReloader
INFO 2025-05-22 00:06:41,061 basehttp 20460 23796 "GET / HTTP/1.1" 200 1634
INFO 2025-05-22 00:06:41,856 basehttp 20460 23796 "GET /?format=openapi HTTP/1.1" 200 547
INFO 2025-05-22 00:06:44,300 basehttp 20460 23796 "GET /admin/ HTTP/1.1" 302 0
INFO 2025-05-22 00:06:44,519 basehttp 20460 23796 "GET /admin/login/?next=/admin/ HTTP/1.1" 200 3082
INFO 2025-05-22 00:07:09,809 basehttp 20460 23796 "POST /admin/login/?next=/admin/ HTTP/1.1" 302 0
INFO 2025-05-22 00:07:10,010 basehttp 20460 23796 "GET /admin/ HTTP/1.1" 200 9954
INFO 2025-05-22 00:13:27,649 basehttp 20460 22208 "GET /admin/users/user/ HTTP/1.1" 200 19551
INFO 2025-05-22 00:13:27,880 basehttp 20460 22208 "GET /admin/jsi18n/ HTTP/1.1" 200 3342
INFO 2025-05-22 02:29:48,431 autoreload 20460 16292 C:\Users\hp\Desktop\car rentel app\users\views.py changed, reloading.
INFO 2025-05-22 02:29:52,491 autoreload 3604 25968 Watching for file changes with StatReloader
INFO 2025-05-22 02:33:08,686 autoreload 3604 25968 C:\Users\hp\Desktop\car rentel app\users\serializers.py changed, reloading.
INFO 2025-05-22 02:33:11,249 autoreload 8024 22100 Watching for file changes with StatReloader
INFO 2025-05-22 02:33:15,574 basehttp 8024 14440 "GET / HTTP/1.1" 200 1634
INFO 2025-05-22 02:33:16,415 basehttp 8024 14440 "GET /?format=openapi HTTP/1.1" 200 547
INFO 2025-05-22 02:33:50,455 autoreload 8024 22100 C:\Users\hp\Desktop\car rentel app\users\urls.py changed, reloading.
INFO 2025-05-22 02:33:52,794 autoreload 25556 17424 Watching for file changes with StatReloader
INFO 2025-05-22 02:33:56,854 basehttp 25556 14252 "GET / HTTP/1.1" 200 1634
INFO 2025-05-22 02:33:57,184 basehttp 25556 14252 "GET /?format=openapi HTTP/1.1" 200 2070
INFO 2025-05-22 02:34:53,360 basehttp 25556 14252 "POST /api/register/ HTTP/1.1" 201 750
INFO 2025-05-22 02:36:30,445 autoreload 25556 17424 C:\Users\hp\Desktop\car rentel app\users\serializers.py changed, reloading.
INFO 2025-05-22 02:36:33,794 autoreload 22596 11628 Watching for file changes with StatReloader
INFO 2025-05-22 02:38:02,112 autoreload 22596 11628 C:\Users\hp\Desktop\car rentel app\users\serializers.py changed, reloading.
INFO 2025-05-22 02:38:05,191 autoreload 19308 6396 Watching for file changes with StatReloader
INFO 2025-05-22 02:38:23,830 autoreload 19308 6396 C:\Users\hp\Desktop\car rentel app\users\urls.py changed, reloading.
INFO 2025-05-22 02:38:26,830 autoreload 22476 6832 Watching for file changes with StatReloader
INFO 2025-05-22 02:38:34,752 basehttp 22476 9828 "GET / HTTP/1.1" 200 1634
INFO 2025-05-22 02:38:35,097 basehttp 22476 9828 "GET /?format=openapi HTTP/1.1" 200 2878
WARNING 2025-05-22 02:38:45,630 log 22476 9828 Bad Request: /api/verify-otp/
WARNING 2025-05-22 02:38:45,632 basehttp 22476 9828 "POST /api/verify-otp/ HTTP/1.1" 400 25
INFO 2025-05-22 02:39:24,714 basehttp 22476 9828 "GET /admin/users/user/ HTTP/1.1" 200 20278
INFO 2025-05-22 02:39:24,846 basehttp 22476 9828 "GET /admin/jsi18n/ HTTP/1.1" 200 3342
INFO 2025-05-22 02:39:30,782 basehttp 22476 9828 "GET /admin/users/user/5DE0E7/change/ HTTP/1.1" 200 25344
INFO 2025-05-22 02:39:30,946 basehttp 22476 22208 "GET /static/admin/js/change_form.js HTTP/1.1" 304 0
INFO 2025-05-22 02:39:30,948 basehttp 22476 9828 "GET /admin/jsi18n/ HTTP/1.1" 200 3342
INFO 2025-05-22 02:39:31,010 basehttp 22476 9828 "GET /static/admin/js/prepopulate_init.js HTTP/1.1" 304 0
WARNING 2025-05-22 02:39:42,174 log 22476 9828 Bad Request: /api/verify-otp/
WARNING 2025-05-22 02:39:42,176 basehttp 22476 9828 "POST /api/verify-otp/ HTTP/1.1" 400 25
INFO 2025-05-22 02:41:19,149 autoreload 22476 6832 C:\Users\hp\Desktop\car rentel app\users\views.py changed, reloading.
INFO 2025-05-22 02:41:22,621 autoreload 3772 6204 Watching for file changes with StatReloader
INFO 2025-05-22 02:41:43,396 autoreload 3772 6204 C:\Users\hp\Desktop\car rentel app\users\views.py changed, reloading.
INFO 2025-05-22 02:41:46,405 autoreload 21676 4956 Watching for file changes with StatReloader
WARNING 2025-05-22 02:41:53,569 log 21676 9308 Bad Request: /api/verify-otp/
WARNING 2025-05-22 02:41:53,569 basehttp 21676 9308 "POST /api/verify-otp/ HTTP/1.1" 400 25
WARNING 2025-05-22 02:41:56,425 log 21676 9308 Bad Request: /api/verify-otp/
WARNING 2025-05-22 02:41:56,426 basehttp 21676 9308 "POST /api/verify-otp/ HTTP/1.1" 400 25
INFO 2025-05-22 02:42:26,528 autoreload 21676 4956 C:\Users\hp\Desktop\car rentel app\users\views.py changed, reloading.
INFO 2025-05-22 02:42:29,535 autoreload 23320 20272 Watching for file changes with StatReloader
WARNING 2025-05-22 02:42:37,650 log 23320 11684 Bad Request: /api/verify-otp/
WARNING 2025-05-22 02:42:37,650 basehttp 23320 11684 "POST /api/verify-otp/ HTTP/1.1" 400 25
INFO 2025-05-22 02:43:13,751 autoreload 23320 20272 C:\Users\hp\Desktop\car rentel app\users\views.py changed, reloading.
INFO 2025-05-22 02:43:16,743 autoreload 11280 17808 Watching for file changes with StatReloader
WARNING 2025-05-22 02:43:21,540 log 11280 23816 Bad Request: /api/verify-otp/
WARNING 2025-05-22 02:43:21,543 basehttp 11280 23816 "POST /api/verify-otp/ HTTP/1.1" 400 25
INFO 2025-05-22 02:44:04,219 autoreload 11280 17808 C:\Users\hp\Desktop\car rentel app\users\views.py changed, reloading.
INFO 2025-05-22 02:44:07,090 autoreload 19000 16412 Watching for file changes with StatReloader
WARNING 2025-05-22 02:44:09,245 log 19000 3888 Bad Request: /api/verify-otp/
WARNING 2025-05-22 02:44:09,249 basehttp 19000 3888 "POST /api/verify-otp/ HTTP/1.1" 400 25
INFO 2025-05-22 02:46:16,545 autoreload 19000 16412 C:\Users\hp\Desktop\car rentel app\users\views.py changed, reloading.
INFO 2025-05-22 02:46:19,281 autoreload 20840 3328 Watching for file changes with StatReloader
WARNING 2025-05-22 02:46:21,028 log 20840 8532 Bad Request: /api/verify-otp/
WARNING 2025-05-22 02:46:21,028 basehttp 20840 8532 "POST /api/verify-otp/ HTTP/1.1" 400 25
INFO 2025-05-22 02:46:37,919 basehttp 20840 8532 "POST /api/verify-otp/ HTTP/1.1" 200 74
INFO 2025-05-22 02:48:02,784 autoreload 20840 3328 C:\Users\hp\Desktop\car rentel app\users\urls.py changed, reloading.
INFO 2025-05-22 02:48:05,377 autoreload 23780 10644 Watching for file changes with StatReloader
INFO 2025-05-22 02:48:37,912 basehttp 23780 9684 "GET / HTTP/1.1" 200 1634
INFO 2025-05-22 02:48:38,478 basehttp 23780 9684 "GET /?format=openapi HTTP/1.1" 200 3793
ERROR 2025-05-22 02:49:06,261 basehttp 23780 9684 "POST /api/login/ HTTP/1.1" 500 59
INFO 2025-05-22 02:50:32,350 autoreload 23780 10644 C:\Users\hp\Desktop\car rentel app\users\serializers.py changed, reloading.
INFO 2025-05-22 02:50:35,438 autoreload 10052 15712 Watching for file changes with StatReloader
ERROR 2025-05-22 02:50:41,256 basehttp 10052 22816 "POST /api/login/ HTTP/1.1" 500 59
INFO 2025-05-22 02:51:48,158 autoreload 10052 15712 C:\Users\hp\Desktop\car rentel app\users\serializers.py changed, reloading.
INFO 2025-05-22 02:51:51,455 autoreload 5816 3192 Watching for file changes with StatReloader
INFO 2025-05-22 02:51:54,952 basehttp 5816 15944 "POST /api/login/ HTTP/1.1" 200 737
INFO 2025-05-22 02:55:00,062 autoreload 5816 3192 C:\Users\hp\Desktop\car rentel app\users\models.py changed, reloading.
INFO 2025-05-22 02:55:26,512 autoreload 3056 16636 Watching for file changes with StatReloader
INFO 2025-05-22 02:55:52,443 autoreload 3056 16636 C:\Users\hp\Desktop\car rentel app\users\serializers.py changed, reloading.
INFO 2025-05-22 02:55:55,515 autoreload 19332 16772 Watching for file changes with StatReloader
INFO 2025-05-22 02:56:06,724 basehttp 19332 24564 "POST /api/login/ HTTP/1.1" 200 788
INFO 2025-05-22 02:58:58,994 autoreload 19332 16772 C:\Users\hp\Desktop\car rentel app\users\views.py changed, reloading.
INFO 2025-05-22 02:59:01,434 autoreload 15252 21996 Watching for file changes with StatReloader
INFO 2025-05-22 02:59:15,479 autoreload 15252 21996 C:\Users\hp\Desktop\car rentel app\users\urls.py changed, reloading.
INFO 2025-05-22 02:59:17,787 autoreload 24428 7976 Watching for file changes with StatReloader
INFO 2025-05-22 02:59:32,217 basehttp 24428 19248 "GET / HTTP/1.1" 200 1634
INFO 2025-05-22 02:59:32,787 basehttp 24428 19248 "GET /?format=openapi HTTP/1.1" 200 4559
INFO 2025-05-22 02:59:54,164 basehttp 24428 19248 "GET /api/getuserprofile/ HTTP/1.1" 200 684
INFO 2025-05-22 03:00:14,107 autoreload 24428 7976 C:\Users\hp\Desktop\car rentel app\users\views.py changed, reloading.
INFO 2025-05-22 03:00:17,603 autoreload 19788 20168 Watching for file changes with StatReloader
INFO 2025-05-22 03:00:19,477 basehttp 19788 18772 "GET /api/getuserprofile/ HTTP/1.1" 200 295
INFO 2025-05-22 03:03:35,678 autoreload 19788 20168 C:\Users\hp\Desktop\car rentel app\users\serializers.py changed, reloading.
INFO 2025-05-22 03:03:38,638 autoreload 24556 16284 Watching for file changes with StatReloader
INFO 2025-05-22 03:04:14,999 autoreload 24556 16284 C:\Users\hp\Desktop\car rentel app\users\views.py changed, reloading.
INFO 2025-05-22 03:04:17,432 autoreload 21496 25048 Watching for file changes with StatReloader
INFO 2025-05-22 03:04:34,320 autoreload 21496 25048 C:\Users\hp\Desktop\car rentel app\users\urls.py changed, reloading.
INFO 2025-05-22 03:04:37,016 autoreload 13004 1332 Watching for file changes with StatReloader
INFO 2025-05-22 03:04:41,726 autoreload 13004 1332 C:\Users\hp\Desktop\car rentel app\users\urls.py changed, reloading.
INFO 2025-05-22 03:04:43,666 autoreload 6948 20852 Watching for file changes with StatReloader
INFO 2025-05-22 03:04:54,346 basehttp 6948 24220 "GET / HTTP/1.1" 200 1634
INFO 2025-05-22 03:04:54,751 basehttp 6948 24220 "GET /?format=openapi HTTP/1.1" 200 5607
INFO 2025-05-22 03:06:27,416 autoreload 6948 20852 C:\Users\hp\Desktop\car rentel app\users\views.py changed, reloading.
INFO 2025-05-22 03:06:30,064 autoreload 1272 13628 Watching for file changes with StatReloader
INFO 2025-05-22 03:06:38,263 basehttp 1272 18872 "GET / HTTP/1.1" 200 1634
ERROR 2025-05-22 03:06:38,949 basehttp 1272 18872 "GET /?format=openapi HTTP/1.1" 500 59
INFO 2025-05-22 03:07:17,978 autoreload 1272 13628 C:\Users\hp\Desktop\car rentel app\users\views.py changed, reloading.
INFO 2025-05-22 03:07:21,067 autoreload 11152 24104 Watching for file changes with StatReloader
INFO 2025-05-22 03:07:25,969 basehttp 11152 22524 "GET / HTTP/1.1" 200 1634
INFO 2025-05-22 03:07:26,459 basehttp 11152 22524 "GET /?format=openapi HTTP/1.1" 200 5368
INFO 2025-05-22 03:08:13,206 basehttp 11152 22524 "PUT /api/profile_update/ HTTP/1.1" 200 230
INFO 2025-05-22 03:08:32,488 basehttp 11152 22524 "GET / HTTP/1.1" 200 1634
INFO 2025-05-22 03:08:33,242 basehttp 11152 22524 "GET /?format=openapi HTTP/1.1" 200 5368
INFO 2025-05-22 03:08:39,020 basehttp 11152 22524 "GET /media/profiles/WhatsApp_Image_2025-05-14_at_02.31.28_ca822af5.jpg HTTP/1.1" 200 74976
INFO 2025-05-22 03:18:51,790 autoreload 11152 24104 C:\Users\hp\Desktop\car rentel app\users\views.py changed, reloading.
INFO 2025-05-22 03:18:54,887 autoreload 18064 4108 Watching for file changes with StatReloader
INFO 2025-05-22 03:19:28,528 autoreload 18064 4108 C:\Users\hp\Desktop\car rentel app\users\urls.py changed, reloading.
INFO 2025-05-22 03:19:31,561 autoreload 8720 12916 Watching for file changes with StatReloader
INFO 2025-05-22 03:19:36,654 basehttp 8720 16560 "GET / HTTP/1.1" 200 1634
ERROR 2025-05-22 03:19:37,328 basehttp 8720 16560 "GET /?format=openapi HTTP/1.1" 500 59
INFO 2025-05-22 03:20:45,623 autoreload 8720 12916 C:\Users\hp\Desktop\car rentel app\users\views.py changed, reloading.
INFO 2025-05-22 03:20:47,614 autoreload 4196 20100 Watching for file changes with StatReloader
INFO 2025-05-22 03:20:50,964 basehttp 4196 22524 "GET / HTTP/1.1" 200 1634
ERROR 2025-05-22 03:20:51,477 basehttp 4196 22524 "GET /?format=openapi HTTP/1.1" 500 59
INFO 2025-05-22 03:21:55,486 autoreload 4196 20100 C:\Users\hp\Desktop\car rentel app\users\views.py changed, reloading.
INFO 2025-05-22 03:21:57,840 autoreload 15744 16848 Watching for file changes with StatReloader
INFO 2025-05-22 03:22:01,523 basehttp 15744 26156 "GET / HTTP/1.1" 200 1634
INFO 2025-05-22 03:22:02,414 basehttp 15744 26156 "GET /?format=openapi HTTP/1.1" 200 6248
INFO 2025-05-22 03:22:30,027 basehttp 15744 26156 "POST /api/forgot-password/ HTTP/1.1" 200 61
INFO 2025-05-22 03:23:23,393 basehttp 15744 26156 "POST /api/login/ HTTP/1.1" 200 863
INFO 2025-05-22 03:23:34,879 basehttp 15744 26156 "GET / HTTP/1.1" 200 1634
INFO 2025-05-22 03:23:35,637 basehttp 15744 26156 "GET /?format=openapi HTTP/1.1" 200 6248
INFO 2025-05-22 03:28:32,323 autoreload 15744 16848 C:\Users\hp\Desktop\car rentel app\users\views.py changed, reloading.
INFO 2025-05-22 03:28:34,769 autoreload 19368 20804 Watching for file changes with StatReloader
INFO 2025-05-22 03:28:49,518 autoreload 19368 20804 C:\Users\hp\Desktop\car rentel app\users\urls.py changed, reloading.
INFO 2025-05-22 03:28:52,406 autoreload 15220 16604 Watching for file changes with StatReloader
INFO 2025-05-22 03:28:57,679 basehttp 15220 1876 "GET / HTTP/1.1" 200 1634
INFO 2025-05-22 03:28:58,586 basehttp 15220 1876 "GET /?format=openapi HTTP/1.1" 200 7540
INFO 2025-05-22 03:29:47,478 basehttp 15220 1876 "POST /api/resend-otp/ HTTP/1.1" 200 63
INFO 2025-05-22 03:30:06,344 basehttp 15220 1876 "GET /admin/users/user/5DE0E7/change/ HTTP/1.1" 200 25709
INFO 2025-05-22 03:30:06,457 basehttp 15220 1876 "GET /admin/jsi18n/ HTTP/1.1" 200 3342
INFO 2025-05-22 03:30:29,257 basehttp 15220 1876 "POST /api/verify-otp/ HTTP/1.1" 200 74
INFO 2025-05-22 03:30:30,516 basehttp 15220 1876 "POST /api/verify-otp/ HTTP/1.1" 200 74
INFO 2025-05-22 03:32:16,492 autoreload 15220 16604 C:\Users\hp\Desktop\car rentel app\manage.py changed, reloading.
INFO 2025-05-22 03:33:08,062 autoreload 9184 16476 Watching for file changes with StatReloader
INFO 2025-05-22 03:33:32,985 autoreload 20772 9104 Watching for file changes with StatReloader
INFO 2025-05-27 00:13:43,308 autoreload 16072 21544 Watching for file changes with StatReloader
INFO 2025-05-27 00:13:46,461 basehttp 16072 18060 "GET / HTTP/1.1" 200 1633
INFO 2025-05-27 00:13:46,502 basehttp 16072 18060 "GET /static/drf-yasg/style.css HTTP/1.1" 304 0
INFO 2025-05-27 00:13:46,526 basehttp 16072 15904 "GET /static/drf-yasg/insQ.min.js HTTP/1.1" 304 0
INFO 2025-05-27 00:13:46,526 basehttp 16072 13544 "GET /static/drf-yasg/swagger-ui-dist/swagger-ui-standalone-preset.js HTTP/1.1" 304 0
INFO 2025-05-27 00:13:46,526 basehttp 16072 1356 "GET /static/drf-yasg/swagger-ui-dist/swagger-ui.css HTTP/1.1" 304 0
INFO 2025-05-27 00:13:46,527 basehttp 16072 18060 "GET /static/drf-yasg/swagger-ui-dist/swagger-ui-bundle.js HTTP/1.1" 304 0
INFO 2025-05-27 00:13:46,527 basehttp 16072 4040 "GET /static/drf-yasg/immutable.min.js HTTP/1.1" 304 0
INFO 2025-05-27 00:13:46,528 basehttp 16072 2204 "GET /static/drf-yasg/swagger-ui-init.js HTTP/1.1" 304 0
INFO 2025-05-27 00:13:46,767 basehttp 16072 2204 "GET /?format=openapi HTTP/1.1" 200 12642
INFO 2025-05-27 00:17:11,415 autoreload 22192 24488 Watching for file changes with StatReloader
INFO 2025-05-27 00:20:36,717 autoreload 22192 24488 C:\Users\hp\Desktop\car rentel app\car_onboarding\models.py changed, reloading.
INFO 2025-05-27 00:20:37,748 autoreload 13732 22436 Watching for file changes with StatReloader
INFO 2025-05-27 00:23:08,161 autoreload 13732 22436 C:\Users\hp\Desktop\car rentel app\car_onboarding\serializers.py changed, reloading.
INFO 2025-05-27 00:23:09,041 autoreload 24560 22716 Watching for file changes with StatReloader
INFO 2025-05-27 00:23:49,944 autoreload 816 20780 Watching for file changes with StatReloader
INFO 2025-05-27 00:23:58,239 basehttp 816 10784 "GET / HTTP/1.1" 200 1633
INFO 2025-05-27 00:23:58,394 basehttp 816 10784 "GET /?format=openapi HTTP/1.1" 200 13709
INFO 2025-05-27 00:25:43,172 autoreload 816 20780 C:\Users\hp\Desktop\car rentel app\car_onboarding\serializers.py changed, reloading.
INFO 2025-05-27 00:25:43,921 autoreload 8964 23664 Watching for file changes with StatReloader
INFO 2025-05-27 00:26:03,307 autoreload 8964 23664 C:\Users\hp\Desktop\car rentel app\car_onboarding\serializers.py changed, reloading.
INFO 2025-05-27 00:26:04,027 autoreload 26388 11708 Watching for file changes with StatReloader
INFO 2025-05-27 00:26:11,321 basehttp 26388 15540 "GET / HTTP/1.1" 200 1633
INFO 2025-05-27 00:26:11,472 basehttp 26388 15540 "GET /?format=openapi HTTP/1.1" 200 13584
INFO 2025-05-27 00:41:45,200 autoreload 26388 11708 C:\Users\hp\Desktop\car rentel app\car_onboarding\models.py changed, reloading.
INFO 2025-05-27 00:41:45,938 autoreload 1816 20476 Watching for file changes with StatReloader
INFO 2025-05-27 00:41:52,102 autoreload 1816 20476 C:\Users\hp\Desktop\car rentel app\car_onboarding\models.py changed, reloading.
INFO 2025-05-27 00:41:52,813 autoreload 24612 18532 Watching for file changes with StatReloader
INFO 2025-05-27 00:42:27,398 autoreload 24612 18532 C:\Users\hp\Desktop\car rentel app\car_onboarding\serializers.py changed, reloading.
INFO 2025-05-27 00:42:28,122 autoreload 24796 1056 Watching for file changes with StatReloader
INFO 2025-05-27 00:43:43,573 autoreload 24796 1056 C:\Users\hp\Desktop\car rentel app\car_onboarding\views.py changed, reloading.
INFO 2025-05-27 00:43:44,335 autoreload 16888 18716 Watching for file changes with StatReloader
INFO 2025-05-27 00:43:50,022 basehttp 16888 21808 "GET / HTTP/1.1" 200 1633
INFO 2025-05-27 00:43:50,615 basehttp 16888 21808 "GET /?format=openapi HTTP/1.1" 200 13584
INFO 2025-05-27 00:44:23,543 autoreload 16888 18716 C:\Users\hp\Desktop\car rentel app\car_onboarding\urls.py changed, reloading.
INFO 2025-05-27 00:44:24,237 autoreload 1904 12944 Watching for file changes with StatReloader
INFO 2025-05-27 00:44:31,975 basehttp 1904 13392 "GET / HTTP/1.1" 200 1633
INFO 2025-05-27 00:44:32,109 basehttp 1904 13392 "GET /?format=openapi HTTP/1.1" 200 14434
INFO 2025-05-27 00:45:43,880 autoreload 1904 12944 C:\Users\hp\Desktop\car rentel app\car_onboarding\views.py changed, reloading.
INFO 2025-05-27 00:45:44,640 autoreload 11432 21752 Watching for file changes with StatReloader
INFO 2025-05-27 00:45:49,216 basehttp 11432 25556 "GET / HTTP/1.1" 200 1633
ERROR 2025-05-27 00:45:49,503 basehttp 11432 25556 "GET /?format=openapi HTTP/1.1" 500 59
INFO 2025-05-27 00:46:40,696 autoreload 11432 21752 C:\Users\hp\Desktop\car rentel app\car_onboarding\views.py changed, reloading.
INFO 2025-05-27 00:46:41,472 autoreload 13608 25756 Watching for file changes with StatReloader
INFO 2025-05-27 00:46:47,437 basehttp 13608 14180 "GET / HTTP/1.1" 200 1633
INFO 2025-05-27 00:46:47,581 basehttp 13608 14180 "GET /?format=openapi HTTP/1.1" 200 14179
ERROR 2025-05-27 00:47:06,702 basehttp 13608 14180 "POST /api/upload/ HTTP/1.1" 500 59
INFO 2025-05-27 00:47:28,365 autoreload 25112 8888 Watching for file changes with StatReloader
INFO 2025-05-27 00:47:31,354 basehttp 25112 20476 "POST /api/upload/ HTTP/1.1" 201 174
INFO 2025-05-27 00:47:39,775 basehttp 25112 20476 "GET /media/uploads/Prasilarts-Claire-Monitor-04-Computer-Apple_QMwBya8.512.png HTTP/1.1" 200 55610
WARNING 2025-05-27 00:47:39,918 log 25112 20476 Not Found: /favicon.ico
WARNING 2025-05-27 00:47:39,918 basehttp 25112 20476 "GET /favicon.ico HTTP/1.1" 404 2843
INFO 2025-05-27 00:48:45,472 autoreload 25112 8888 C:\Users\hp\Desktop\car rentel app\car_onboarding\models.py changed, reloading.
INFO 2025-05-27 00:48:46,203 autoreload 12928 22148 Watching for file changes with StatReloader
INFO 2025-05-27 00:49:07,296 autoreload 21380 20324 Watching for file changes with StatReloader
INFO 2025-05-27 00:51:36,448 autoreload 21380 20324 C:\Users\hp\Desktop\car rentel app\car_onboarding\serializers.py changed, reloading.
INFO 2025-05-27 00:51:37,154 autoreload 2500 26228 Watching for file changes with StatReloader
INFO 2025-05-27 00:51:39,614 basehttp 2500 984 "GET / HTTP/1.1" 200 1633
INFO 2025-05-27 00:51:39,881 basehttp 2500 984 "GET /?format=openapi HTTP/1.1" 200 14210
INFO 2025-05-27 00:53:42,618 autoreload 2500 26228 C:\Users\hp\Desktop\car rentel app\car_onboarding\serializers.py changed, reloading.
INFO 2025-05-27 00:53:43,377 autoreload 5396 23440 Watching for file changes with StatReloader
INFO 2025-05-27 00:54:54,461 autoreload 5396 23440 C:\Users\hp\Desktop\car rentel app\car_onboarding\views.py changed, reloading.
INFO 2025-05-27 00:54:55,200 autoreload 4904 25356 Watching for file changes with StatReloader
INFO 2025-05-27 00:55:06,214 basehttp 4904 2624 "GET / HTTP/1.1" 200 1633
INFO 2025-05-27 00:55:06,357 basehttp 4904 2624 "GET /?format=openapi HTTP/1.1" 200 14271
WARNING 2025-05-27 00:55:55,733 log 4904 2624 Bad Request: /api/login/
WARNING 2025-05-27 00:55:55,733 basehttp 4904 2624 "POST /api/login/ HTTP/1.1" 400 85
INFO 2025-05-27 00:57:00,604 autoreload 10368 19424 Watching for file changes with StatReloader
INFO 2025-05-27 00:57:03,909 basehttp 10368 20720 "POST /api/login/ HTTP/1.1" 200 788
WARNING 2025-05-27 00:58:30,605 log 10368 20720 Bad Request: /api/add/
WARNING 2025-05-27 00:58:30,606 basehttp 10368 20720 "POST /api/add/ HTTP/1.1" 400 175
WARNING 2025-05-27 00:59:59,890 log 10368 20720 Bad Request: /api/add/
WARNING 2025-05-27 00:59:59,890 basehttp 10368 20720 "POST /api/add/ HTTP/1.1" 400 115
INFO 2025-05-27 01:00:29,624 autoreload 10368 19424 C:\Users\hp\Desktop\car rentel app\car_onboarding\models.py changed, reloading.
INFO 2025-05-27 01:00:30,344 autoreload 1128 23976 Watching for file changes with StatReloader
ERROR 2025-05-27 01:00:46,323 basehttp 1128 16092 "POST /api/add/ HTTP/1.1" 500 59
INFO 2025-05-27 01:03:06,706 autoreload 1128 23976 C:\Users\hp\Desktop\car rentel app\car_onboarding\views.py changed, reloading.
INFO 2025-05-27 01:03:07,491 autoreload 4796 15676 Watching for file changes with StatReloader
INFO 2025-05-27 01:03:12,173 basehttp 4796 14324 "GET / HTTP/1.1" 200 1633
INFO 2025-05-27 01:03:12,502 basehttp 4796 14324 "GET /?format=openapi HTTP/1.1" 200 14271
INFO 2025-05-27 01:03:16,740 basehttp 4796 14324 "POST /api/add/ HTTP/1.1" 201 1182
INFO 2025-05-27 01:29:58,672 autoreload 4796 15676 C:\Users\hp\Desktop\car rentel app\car_onboarding\views.py changed, reloading.
INFO 2025-05-27 01:29:59,947 autoreload 144 4412 Watching for file changes with StatReloader
INFO 2025-05-27 01:30:42,052 autoreload 144 4412 C:\Users\hp\Desktop\car rentel app\car_onboarding\views.py changed, reloading.
INFO 2025-05-27 01:30:43,151 autoreload 21164 19348 Watching for file changes with StatReloader
INFO 2025-05-27 01:30:59,795 autoreload 21164 19348 C:\Users\hp\Desktop\car rentel app\car_onboarding\urls.py changed, reloading.
INFO 2025-05-27 01:31:00,841 autoreload 11756 13048 Watching for file changes with StatReloader
INFO 2025-05-27 01:31:23,434 basehttp 11756 6656 "GET / HTTP/1.1" 200 1633
INFO 2025-05-27 01:31:23,663 basehttp 11756 6656 "GET /?format=openapi HTTP/1.1" 200 15022
INFO 2025-05-27 01:31:54,410 basehttp 11756 6656 "GET /api/api/cars/ HTTP/1.1" 200 1177
INFO 2025-05-27 01:34:21,926 basehttp 11756 8928 "GET /api/api/my-cars/ HTTP/1.1" 200 1178
INFO 2025-05-27 01:34:23,819 basehttp 11756 8928 "GET /api/api/my-cars/ HTTP/1.1" 200 1178
INFO 2025-05-27 01:37:05,166 autoreload 11756 13048 C:\Users\hp\Desktop\car rentel app\car_onboarding\views.py changed, reloading.
INFO 2025-05-27 01:37:06,300 autoreload 23468 12276 Watching for file changes with StatReloader
INFO 2025-05-27 01:37:27,114 basehttp 23468 16164 "GET / HTTP/1.1" 200 1633
INFO 2025-05-27 01:37:27,408 basehttp 23468 16164 "GET /?format=openapi HTTP/1.1" 200 15022
INFO 2025-05-27 01:37:39,316 autoreload 23468 12276 C:\Users\hp\Desktop\car rentel app\car_onboarding\urls.py changed, reloading.
INFO 2025-05-27 01:37:40,466 autoreload 9752 5584 Watching for file changes with StatReloader
INFO 2025-05-27 01:37:49,791 basehttp 9752 20084 "GET / HTTP/1.1" 200 1633
INFO 2025-05-27 01:37:49,954 basehttp 9752 20084 "GET /?format=openapi HTTP/1.1" 200 15951
INFO 2025-05-27 01:41:11,153 autoreload 9752 5584 C:\Users\hp\Desktop\car rentel app\car_onboarding\views.py changed, reloading.
INFO 2025-05-27 01:41:12,268 autoreload 12756 25584 Watching for file changes with StatReloader
INFO 2025-05-27 01:41:17,840 basehttp 12756 22800 "GET / HTTP/1.1" 200 1633
INFO 2025-05-27 01:41:18,065 basehttp 12756 22800 "GET /?format=openapi HTTP/1.1" 200 15953
INFO 2025-05-27 01:41:22,651 basehttp 12756 22800 "GET / HTTP/1.1" 200 1633
INFO 2025-05-27 01:41:22,834 basehttp 12756 22800 "GET /?format=openapi HTTP/1.1" 200 15953
INFO 2025-05-27 01:43:17,585 autoreload 12756 25584 C:\Users\hp\Desktop\car rentel app\car_onboarding\views.py changed, reloading.
INFO 2025-05-27 01:43:18,777 autoreload 1508 17488 Watching for file changes with StatReloader
INFO 2025-05-27 01:43:50,943 autoreload 1508 17488 C:\Users\hp\Desktop\car rentel app\car_onboarding\views.py changed, reloading.
INFO 2025-05-27 01:43:52,014 autoreload 20772 2148 Watching for file changes with StatReloader
INFO 2025-05-27 01:44:02,092 autoreload 20772 2148 C:\Users\hp\Desktop\car rentel app\car_onboarding\views.py changed, reloading.
INFO 2025-05-27 01:44:03,211 autoreload 12716 13080 Watching for file changes with StatReloader
INFO 2025-05-27 01:44:17,763 autoreload 12716 13080 C:\Users\hp\Desktop\car rentel app\car_onboarding\views.py changed, reloading.
INFO 2025-05-27 01:44:18,729 autoreload 744 21236 Watching for file changes with StatReloader
INFO 2025-05-27 01:44:24,417 autoreload 744 21236 C:\Users\hp\Desktop\car rentel app\car_onboarding\views.py changed, reloading.
INFO 2025-05-27 01:44:25,710 autoreload 21008 4704 Watching for file changes with StatReloader
INFO 2025-05-27 01:44:30,587 basehttp 21008 8400 "GET / HTTP/1.1" 200 1633
INFO 2025-05-27 01:44:30,814 basehttp 21008 8400 "GET /?format=openapi HTTP/1.1" 200 16018
INFO 2025-05-27 01:44:44,135 autoreload 21008 4704 C:\Users\hp\Desktop\car rentel app\car_onboarding\views.py changed, reloading.
INFO 2025-05-27 01:44:45,204 autoreload 19584 14196 Watching for file changes with StatReloader
INFO 2025-05-27 01:44:49,418 basehttp 19584 15320 "GET / HTTP/1.1" 200 1633
INFO 2025-05-27 01:44:49,599 basehttp 19584 15320 "GET /?format=openapi HTTP/1.1" 200 16029
INFO 2025-05-27 02:13:52,310 autoreload 15940 24880 Watching for file changes with StatReloader
INFO 2025-05-27 02:14:35,954 autoreload 15940 24880 C:\Users\hp\Desktop\car rentel app\reels_management\admin.py changed, reloading.
INFO 2025-05-27 02:14:37,081 autoreload 23144 7708 Watching for file changes with StatReloader
INFO 2025-05-27 02:14:39,386 basehttp 23144 18880 "GET / HTTP/1.1" 200 1633
INFO 2025-05-27 02:14:39,801 basehttp 23144 18880 "GET /?format=openapi HTTP/1.1" 200 17678
WARNING 2025-05-27 02:14:53,058 log 23144 18880 Unauthorized: /api/reels/upload/
WARNING 2025-05-27 02:14:53,059 basehttp 23144 18880 "POST /api/reels/upload/ HTTP/1.1" 401 58
INFO 2025-05-27 02:18:42,137 autoreload 23144 7708 C:\Users\hp\Desktop\car rentel app\reels_management\serializers.py changed, reloading.
INFO 2025-05-27 02:18:43,275 autoreload 16280 7772 Watching for file changes with StatReloader
INFO 2025-05-27 02:18:48,148 basehttp 16280 26044 "GET / HTTP/1.1" 200 1633
INFO 2025-05-27 02:18:48,516 basehttp 16280 26044 "GET /?format=openapi HTTP/1.1" 200 17678
INFO 2025-05-27 02:20:33,707 autoreload 16280 7772 C:\Users\hp\Desktop\car rentel app\reels_management\views.py changed, reloading.
INFO 2025-05-27 02:20:34,775 autoreload 10836 13604 Watching for file changes with StatReloader
INFO 2025-05-27 02:21:06,955 autoreload 10836 13604 C:\Users\hp\Desktop\car rentel app\reels_management\views.py changed, reloading.
INFO 2025-05-27 02:21:08,112 autoreload 7748 12352 Watching for file changes with StatReloader
INFO 2025-05-27 02:21:15,686 autoreload 7748 12352 C:\Users\hp\Desktop\car rentel app\reels_management\views.py changed, reloading.
INFO 2025-05-27 02:21:16,606 autoreload 22712 24620 Watching for file changes with StatReloader
INFO 2025-05-27 02:21:25,022 basehttp 22712 19604 "GET / HTTP/1.1" 200 1633
ERROR 2025-05-27 02:21:25,281 basehttp 22712 19604 "GET /?format=openapi HTTP/1.1" 500 59
INFO 2025-05-27 02:23:40,215 autoreload 22712 24620 C:\Users\hp\Desktop\car rentel app\reels_management\serializers.py changed, reloading.
INFO 2025-05-27 02:23:41,257 autoreload 15684 6624 Watching for file changes with StatReloader
INFO 2025-05-27 02:23:46,643 basehttp 15684 24652 "GET / HTTP/1.1" 200 1633
INFO 2025-05-27 02:23:46,869 basehttp 15684 24652 "GET /?format=openapi HTTP/1.1" 200 20594
INFO 2025-05-27 02:25:18,120 basehttp 15684 24652 "POST /api/reels/upload/ HTTP/1.1" 201 373
INFO 2025-05-27 02:25:48,964 basehttp 15684 24652 "GET /api/reels/user/ HTTP/1.1" 200 372
ERROR 2025-05-27 02:26:57,314 basehttp 15684 24652 "PUT /api/reels/1/ HTTP/1.1" 500 59
INFO 2025-05-27 02:29:42,530 autoreload 15684 6624 C:\Users\hp\Desktop\car rentel app\reels_management\views.py changed, reloading.
INFO 2025-05-27 02:29:43,673 autoreload 1488 26328 Watching for file changes with StatReloader
INFO 2025-05-27 02:29:49,678 basehttp 1488 10848 "PUT /api/reels/1/ HTTP/1.1" 200 378
INFO 2025-05-27 02:30:32,555 basehttp 1488 10848 "POST /api/reels/1/like/ HTTP/1.1" 200 58
INFO 2025-05-27 02:30:41,889 basehttp 1488 10848 "GET /api/reels/user/ HTTP/1.1" 200 386
INFO 2025-05-27 02:31:02,793 basehttp 1488 10848 "GET /api/reels/ HTTP/1.1" 200 385
INFO 2025-05-27 02:31:35,550 basehttp 1488 10848 "POST /api/reels/1/comment/ HTTP/1.1" 201 153
INFO 2025-05-27 02:31:50,154 basehttp 1488 10848 "GET /api/reels/ HTTP/1.1" 200 488
INFO 2025-05-29 04:13:45,749 autoreload 4544 23276 Watching for file changes with StatReloader
INFO 2025-05-29 04:14:34,897 basehttp 4544 24260 "GET / HTTP/1.1" 200 1633
INFO 2025-05-29 04:14:35,721 basehttp 4544 24260 "GET /static/drf-yasg/style.css HTTP/1.1" 200 1047
INFO 2025-05-29 04:14:35,727 basehttp 4544 8484 "GET /static/drf-yasg/insQ.min.js HTTP/1.1" 200 2093
INFO 2025-05-29 04:14:35,743 basehttp 4544 18348 "GET /static/drf-yasg/insQ.min.js HTTP/1.1" 200 2093
INFO 2025-05-29 04:14:35,747 basehttp 4544 2844 "GET /static/drf-yasg/swagger-ui-dist/swagger-ui.css HTTP/1.1" 200 145206
INFO 2025-05-29 04:14:35,803 basehttp 4544 24260 "GET /static/drf-yasg/swagger-ui-init.js HTTP/1.1" 200 15480
INFO 2025-05-29 04:14:35,852 basehttp 4544 21548 "GET /static/drf-yasg/swagger-ui-dist/swagger-ui-bundle.js HTTP/1.1" 200 1046583
INFO 2025-05-29 04:14:35,891 basehttp 4544 18348 "GET /static/drf-yasg/swagger-ui-init.js HTTP/1.1" 200 15480
INFO 2025-05-29 04:14:35,912 basehttp 4544 19524 "GET /static/drf-yasg/swagger-ui-dist/swagger-ui-bundle.js HTTP/1.1" 200 1046583
INFO 2025-05-29 04:14:35,912 basehttp 4544 3984 "GET /static/drf-yasg/immutable.min.js HTTP/1.1" 200 56904
INFO 2025-05-29 04:14:36,052 basehttp 4544 10344 "GET /static/drf-yasg/swagger-ui-dist/swagger-ui-standalone-preset.js HTTP/1.1" 200 322863
ERROR 2025-05-29 04:14:36,829 basehttp 4544 10344 "GET /?format=openapi HTTP/1.1" 500 59
INFO 2025-05-29 04:14:42,015 basehttp 4544 19524 "GET /static/drf-yasg/immutable.min.js HTTP/1.1" 200 56904
INFO 2025-05-29 04:14:42,021 basehttp 4544 18348 "GET /static/drf-yasg/swagger-ui-dist/swagger-ui-standalone-preset.js HTTP/1.1" 200 322863
INFO 2025-05-29 04:15:13,313 autoreload 4544 23276 C:\Users\hp\Desktop\car rentel app\reels_management\serializers.py changed, reloading.
INFO 2025-05-29 04:15:16,078 autoreload 16928 20228 Watching for file changes with StatReloader
INFO 2025-05-29 04:15:43,338 basehttp 16928 4104 "GET / HTTP/1.1" 200 1633
INFO 2025-05-29 04:15:43,968 basehttp 16928 4104 "GET /?format=openapi HTTP/1.1" 200 20388
INFO 2025-05-29 04:16:11,984 basehttp 16928 4104 "GET /api/reels/ HTTP/1.1" 200 399
INFO 2025-05-29 04:18:32,932 autoreload 16928 20228 C:\Users\hp\Desktop\car rentel app\reels_management\models.py changed, reloading.
INFO 2025-05-29 04:18:36,299 autoreload 17200 1212 Watching for file changes with StatReloader
INFO 2025-05-29 04:19:41,884 autoreload 17200 1212 C:\Users\hp\Desktop\car rentel app\reels_management\models.py changed, reloading.
INFO 2025-05-29 04:19:44,793 autoreload 17028 19132 Watching for file changes with StatReloader
INFO 2025-05-29 04:20:02,490 autoreload 17028 19132 C:\Users\hp\Desktop\car rentel app\reels_management\serializers.py changed, reloading.
INFO 2025-05-29 04:20:21,587 autoreload 20512 18284 Watching for file changes with StatReloader
INFO 2025-05-29 04:20:41,343 basehttp 20512 21552 "GET / HTTP/1.1" 200 1633
INFO 2025-05-29 04:20:42,524 basehttp 20512 21552 "GET /static/drf-yasg/style.css HTTP/1.1" 200 1047
INFO 2025-05-29 04:20:42,530 basehttp 20512 21552 "GET /static/drf-yasg/swagger-ui-init.js HTTP/1.1" 200 15480
INFO 2025-05-29 04:20:42,572 basehttp 20512 22056 "GET /static/drf-yasg/swagger-ui-dist/swagger-ui-standalone-preset.js HTTP/1.1" 200 322863
INFO 2025-05-29 04:20:42,578 basehttp 20512 12188 "GET /static/drf-yasg/insQ.min.js HTTP/1.1" 200 2093
INFO 2025-05-29 04:20:42,583 basehttp 20512 25176 "GET /static/drf-yasg/swagger-ui-dist/swagger-ui.css HTTP/1.1" 200 145206
INFO 2025-05-29 04:20:42,584 basehttp 20512 23988 "GET /static/drf-yasg/immutable.min.js HTTP/1.1" 200 56904
INFO 2025-05-29 04:20:42,635 basehttp 20512 10104 "GET /static/drf-yasg/swagger-ui-dist/swagger-ui-bundle.js HTTP/1.1" 200 1046583
INFO 2025-05-29 04:20:43,074 basehttp 20512 10104 "GET /?format=openapi HTTP/1.1" 200 20593
INFO 2025-05-29 04:20:43,077 basehttp 20512 23988 "GET /static/drf-yasg/swagger-ui-dist/favicon-32x32.png HTTP/1.1" 200 628
INFO 2025-05-30 01:48:23,188 autoreload 11860 12668 Watching for file changes with StatReloader
INFO 2025-05-30 02:37:33,400 autoreload 25316 14276 Watching for file changes with StatReloader
INFO 2025-05-30 02:38:56,152 basehttp 25316 24116 "GET /media/uploads/Prasilarts-Claire-Monitor-04-Computer-Apple_QMwBya8.512.png HTTP/1.1" 200 55610
INFO 2025-05-30 02:39:44,079 autoreload 25316 14276 C:\Users\hp\Desktop\car rentel app\Auto_Qira\urls.py changed, reloading.
INFO 2025-05-30 02:39:47,123 autoreload 17424 10020 Watching for file changes with StatReloader
INFO 2025-05-30 02:40:20,308 basehttp 17424 7636 "GET / HTTP/1.1" 200 1633
INFO 2025-05-30 02:40:20,826 basehttp 17424 7636 "GET /?format=openapi HTTP/1.1" 200 21291
INFO 2025-05-30 02:41:50,721 autoreload 17424 10020 C:\Users\hp\Desktop\car rentel app\generic\views.py changed, reloading.
INFO 2025-05-30 02:41:53,671 autoreload 18968 19908 Watching for file changes with StatReloader
INFO 2025-05-30 02:42:06,586 autoreload 18968 19908 C:\Users\hp\Desktop\car rentel app\generic\views.py changed, reloading.
INFO 2025-05-30 02:42:08,986 autoreload 24968 22480 Watching for file changes with StatReloader
INFO 2025-05-30 02:42:20,728 autoreload 24968 22480 C:\Users\hp\Desktop\car rentel app\generic\views.py changed, reloading.
INFO 2025-05-30 02:42:23,036 autoreload 12956 20056 Watching for file changes with StatReloader
INFO 2025-05-30 02:42:45,611 autoreload 12956 20056 C:\Users\hp\Desktop\car rentel app\generic\views.py changed, reloading.
INFO 2025-05-30 02:42:47,638 autoreload 13068 24584 Watching for file changes with StatReloader
INFO 2025-05-30 02:42:53,690 basehttp 13068 4476 "GET / HTTP/1.1" 200 1633
INFO 2025-05-30 02:42:54,365 basehttp 13068 4476 "GET /?format=openapi HTTP/1.1" 200 21310
WARNING 2025-05-30 02:43:04,250 log 13068 4476 Not Found: /api/privacy-policy/
WARNING 2025-05-30 02:43:04,251 basehttp 13068 4476 "GET /api/privacy-policy/ HTTP/1.1" 404 66
WARNING 2025-05-30 02:46:18,763 log 13068 4476 Unauthorized: /api/admin/privacy-policy/
WARNING 2025-05-30 02:46:18,763 basehttp 13068 4476 "POST /api/admin/privacy-policy/ HTTP/1.1" 401 58
WARNING 2025-05-30 02:48:35,267 log 13068 21136 Not Found: /api/privacy-policy/
WARNING 2025-05-30 02:48:35,267 basehttp 13068 21136 "GET /api/privacy-policy/ HTTP/1.1" 404 66
WARNING 2025-05-30 02:48:42,272 log 13068 21136 Not Found: /api/privacy-policy/
WARNING 2025-05-30 02:48:42,272 basehttp 13068 21136 "GET /api/privacy-policy/ HTTP/1.1" 404 66
WARNING 2025-05-30 02:48:59,131 log 13068 21136 Not Found: /api/privacy-policy/
WARNING 2025-05-30 02:48:59,134 basehttp 13068 21136 "GET /api/privacy-policy/ HTTP/1.1" 404 66
INFO 2025-05-30 02:49:27,004 basehttp 13068 21136 "OPTIONS /api/admin/privacy-policy/ HTTP/1.1" 200 0
WARNING 2025-05-30 02:49:27,411 log 13068 21136 Unauthorized: /api/admin/privacy-policy/
WARNING 2025-05-30 02:49:27,411 basehttp 13068 21136 "POST /api/admin/privacy-policy/ HTTP/1.1" 401 51
INFO 2025-05-30 02:49:29,322 basehttp 13068 21136 "OPTIONS /api/admin/privacy-policy/ HTTP/1.1" 200 0
WARNING 2025-05-30 02:49:29,326 log 13068 21136 Unauthorized: /api/admin/privacy-policy/
WARNING 2025-05-30 02:49:29,326 basehttp 13068 21136 "POST /api/admin/privacy-policy/ HTTP/1.1" 401 51
INFO 2025-05-30 02:49:44,238 basehttp 13068 21136 "OPTIONS /api/admin/privacy-policy/ HTTP/1.1" 200 0
WARNING 2025-05-30 02:49:44,245 log 13068 21136 Unauthorized: /api/admin/privacy-policy/
WARNING 2025-05-30 02:49:44,248 basehttp 13068 21136 "POST /api/admin/privacy-policy/ HTTP/1.1" 401 51
WARNING 2025-05-30 02:50:29,163 log 13068 21136 Not Found: /api/privacy-policy/
WARNING 2025-05-30 02:50:29,170 basehttp 13068 21136 "GET /api/privacy-policy/ HTTP/1.1" 404 66
INFO 2025-05-30 02:50:37,782 basehttp 13068 21136 "OPTIONS /api/admin/privacy-policy/ HTTP/1.1" 200 0
WARNING 2025-05-30 02:50:37,790 log 13068 21136 Unauthorized: /api/admin/privacy-policy/
WARNING 2025-05-30 02:50:37,790 basehttp 13068 21136 "POST /api/admin/privacy-policy/ HTTP/1.1" 401 51
INFO 2025-05-30 02:50:39,319 basehttp 13068 21136 "OPTIONS /api/admin/privacy-policy/ HTTP/1.1" 200 0
WARNING 2025-05-30 02:50:39,328 log 13068 21136 Unauthorized: /api/admin/privacy-policy/
WARNING 2025-05-30 02:50:39,330 basehttp 13068 21136 "POST /api/admin/privacy-policy/ HTTP/1.1" 401 51
INFO 2025-05-30 02:51:37,008 basehttp 13068 21136 "OPTIONS /api/admin/privacy-policy/ HTTP/1.1" 200 0
WARNING 2025-05-30 02:51:37,016 log 13068 21136 Unauthorized: /api/admin/privacy-policy/
WARNING 2025-05-30 02:51:37,016 basehttp 13068 21136 "POST /api/admin/privacy-policy/ HTTP/1.1" 401 51
WARNING 2025-05-30 02:53:47,150 log 13068 11892 Not Found: /api/privacy-policy/
WARNING 2025-05-30 02:53:47,151 basehttp 13068 11892 "GET /api/privacy-policy/ HTTP/1.1" 404 66
INFO 2025-05-30 02:54:37,047 basehttp 13068 21136 "OPTIONS /api/admin/privacy-policy/ HTTP/1.1" 200 0
WARNING 2025-05-30 02:54:37,055 log 13068 21136 Unauthorized: /api/admin/privacy-policy/
WARNING 2025-05-30 02:54:37,055 basehttp 13068 21136 "POST /api/admin/privacy-policy/ HTTP/1.1" 401 51
WARNING 2025-05-30 02:54:39,819 log 13068 21136 Not Found: /api/privacy-policy/
WARNING 2025-05-30 02:54:39,822 basehttp 13068 21136 "GET /api/privacy-policy/ HTTP/1.1" 404 66
INFO 2025-05-30 02:54:43,987 basehttp 13068 21136 "OPTIONS /api/admin/privacy-policy/ HTTP/1.1" 200 0
WARNING 2025-05-30 02:54:43,996 log 13068 21136 Unauthorized: /api/admin/privacy-policy/
WARNING 2025-05-30 02:54:43,996 basehttp 13068 21136 "POST /api/admin/privacy-policy/ HTTP/1.1" 401 51
INFO 2025-05-30 02:54:45,773 basehttp 13068 21136 "OPTIONS /api/admin/privacy-policy/ HTTP/1.1" 200 0
WARNING 2025-05-30 02:54:45,777 log 13068 21136 Unauthorized: /api/admin/privacy-policy/
WARNING 2025-05-30 02:54:45,777 basehttp 13068 21136 "POST /api/admin/privacy-policy/ HTTP/1.1" 401 51
INFO 2025-05-30 02:54:46,654 basehttp 13068 21136 "OPTIONS /api/admin/privacy-policy/ HTTP/1.1" 200 0
WARNING 2025-05-30 02:54:46,664 log 13068 21136 Unauthorized: /api/admin/privacy-policy/
WARNING 2025-05-30 02:54:46,666 basehttp 13068 21136 "POST /api/admin/privacy-policy/ HTTP/1.1" 401 51
INFO 2025-05-30 02:54:56,013 basehttp 13068 21136 "OPTIONS /api/admin/privacy-policy/ HTTP/1.1" 200 0
WARNING 2025-05-30 02:54:56,020 log 13068 21136 Unauthorized: /api/admin/privacy-policy/
WARNING 2025-05-30 02:54:56,023 basehttp 13068 21136 "POST /api/admin/privacy-policy/ HTTP/1.1" 401 51
WARNING 2025-05-30 02:57:30,670 log 13068 17568 Unauthorized: /api/admin/privacy-policy/
WARNING 2025-05-30 02:57:30,674 basehttp 13068 17568 "GET /api/admin/privacy-policy/ HTTP/1.1" 401 8657
INFO 2025-05-30 02:57:31,526 basehttp 13068 18884 "GET /static/rest_framework/css/default.css HTTP/1.1" 200 1152
INFO 2025-05-30 02:57:31,535 basehttp 13068 17568 "GET /static/rest_framework/css/bootstrap.min.css HTTP/1.1" 200 121457
INFO 2025-05-30 02:57:31,555 basehttp 13068 14048 "GET /static/rest_framework/css/prettify.css HTTP/1.1" 200 817
INFO 2025-05-30 02:57:31,572 basehttp 13068 24740 "GET /static/rest_framework/css/bootstrap-tweaks.css HTTP/1.1" 200 3426
INFO 2025-05-30 02:57:31,597 basehttp 13068 18884 "GET /static/rest_framework/js/csrf.js HTTP/1.1" 200 1793
INFO 2025-05-30 02:57:31,624 basehttp 13068 24740 "GET /static/rest_framework/js/default.js HTTP/1.1" 200 1268
INFO 2025-05-30 02:57:31,629 basehttp 13068 24700 "GET /static/rest_framework/js/ajax-form.js HTTP/1.1" 200 3796
INFO 2025-05-30 02:57:31,641 basehttp 13068 24740 "GET /static/rest_framework/img/grid.png HTTP/1.1" 200 1458
INFO 2025-05-30 02:57:31,644 basehttp 13068 18884 "GET /static/rest_framework/js/load-ajax-form.js HTTP/1.1" 200 59
INFO 2025-05-30 02:57:31,660 basehttp 13068 14048 "GET /static/rest_framework/js/prettify-min.js HTTP/1.1" 200 13632
INFO 2025-05-30 02:57:31,676 basehttp 13068 17568 "GET /static/rest_framework/js/bootstrap.min.js HTTP/1.1" 200 39680
INFO 2025-05-30 02:57:31,739 basehttp 13068 18248 "GET /static/rest_framework/js/jquery-3.7.1.min.js HTTP/1.1" 200 87533
WARNING 2025-05-30 02:57:31,945 log 13068 18248 Not Found: /favicon.ico
WARNING 2025-05-30 02:57:31,951 basehttp 13068 18248 "GET /favicon.ico HTTP/1.1" 404 3137
INFO 2025-05-30 03:02:27,076 basehttp 13068 9332 "OPTIONS /api/admin/privacy-policy/ HTTP/1.1" 200 0
WARNING 2025-05-30 03:02:27,084 log 13068 9332 Unauthorized: /api/admin/privacy-policy/
WARNING 2025-05-30 03:02:27,086 basehttp 13068 9332 "POST /api/admin/privacy-policy/ HTTP/1.1" 401 51
INFO 2025-05-30 03:02:35,029 basehttp 13068 9332 "OPTIONS /api/admin/privacy-policy/ HTTP/1.1" 200 0
WARNING 2025-05-30 03:02:35,038 log 13068 9332 Unauthorized: /api/admin/privacy-policy/
WARNING 2025-05-30 03:02:35,038 basehttp 13068 9332 "POST /api/admin/privacy-policy/ HTTP/1.1" 401 51
WARNING 2025-05-30 03:03:03,237 log 13068 9332 Not Found: /api/privacy-policy/
WARNING 2025-05-30 03:03:03,239 basehttp 13068 9332 "GET /api/privacy-policy/ HTTP/1.1" 404 66
INFO 2025-05-30 03:03:08,841 basehttp 13068 9332 "OPTIONS /api/admin/privacy-policy/ HTTP/1.1" 200 0
WARNING 2025-05-30 03:03:08,848 log 13068 9332 Unauthorized: /api/admin/privacy-policy/
WARNING 2025-05-30 03:03:08,848 basehttp 13068 9332 "POST /api/admin/privacy-policy/ HTTP/1.1" 401 51
INFO 2025-05-30 03:03:17,350 basehttp 13068 9332 "OPTIONS /api/admin/privacy-policy/ HTTP/1.1" 200 0
WARNING 2025-05-30 03:03:17,350 log 13068 9332 Unauthorized: /api/admin/privacy-policy/
WARNING 2025-05-30 03:03:17,350 basehttp 13068 9332 "POST /api/admin/privacy-policy/ HTTP/1.1" 401 51
WARNING 2025-05-30 03:05:12,832 log 13068 9332 Not Found: /api/privacy-policy/
WARNING 2025-05-30 03:05:12,832 basehttp 13068 9332 "GET /api/privacy-policy/ HTTP/1.1" 404 66
INFO 2025-05-30 03:05:35,280 basehttp 13068 9332 "OPTIONS /api/admin/privacy-policy/ HTTP/1.1" 200 0
INFO 2025-05-30 03:05:35,308 basehttp 13068 9332 "POST /api/admin/privacy-policy/ HTTP/1.1" 200 119
INFO 2025-05-30 03:06:02,997 basehttp 13068 9332 "GET /api/privacy-policy/ HTTP/1.1" 200 134
INFO 2025-05-30 03:15:31,216 basehttp 13068 25476 "GET /api/privacy-policy/ HTTP/1.1" 200 134
INFO 2025-05-30 03:31:01,707 autoreload 13068 24584 C:\Users\hp\Desktop\car rentel app\generic\models.py changed, reloading.
INFO 2025-05-30 03:31:05,436 autoreload 25104 18468 Watching for file changes with StatReloader
INFO 2025-05-30 03:31:39,454 autoreload 4836 9616 Watching for file changes with StatReloader
INFO 2025-05-30 03:32:41,247 autoreload 4836 9616 C:\Users\hp\Desktop\car rentel app\generic\serializers.py changed, reloading.
INFO 2025-05-30 03:32:44,069 autoreload 16836 23848 Watching for file changes with StatReloader
INFO 2025-05-30 03:34:22,461 autoreload 16836 23848 C:\Users\hp\Desktop\car rentel app\generic\views.py changed, reloading.
INFO 2025-05-30 03:34:24,402 autoreload 24624 22788 Watching for file changes with StatReloader
INFO 2025-05-30 03:34:57,636 autoreload 24624 22788 C:\Users\hp\Desktop\car rentel app\generic\views.py changed, reloading.
INFO 2025-05-30 03:35:01,380 autoreload 15244 19624 Watching for file changes with StatReloader
INFO 2025-05-30 03:35:27,698 basehttp 15244 4352 "GET / HTTP/1.1" 200 1633
INFO 2025-05-30 03:35:28,258 basehttp 15244 4352 "GET /?format=openapi HTTP/1.1" 200 21310
INFO 2025-05-30 03:35:57,349 autoreload 15244 19624 C:\Users\hp\Desktop\car rentel app\generic\urls.py changed, reloading.
INFO 2025-05-30 03:35:59,383 autoreload 5820 12464 Watching for file changes with StatReloader
INFO 2025-05-30 03:37:50,110 autoreload 5820 12464 C:\Users\hp\Desktop\car rentel app\generic\urls.py changed, reloading.
INFO 2025-05-30 03:37:52,687 autoreload 7708 14548 Watching for file changes with StatReloader
INFO 2025-05-30 03:37:55,982 basehttp 7708 23760 "GET / HTTP/1.1" 200 1633
INFO 2025-05-30 03:37:56,503 basehttp 7708 23760 "GET /?format=openapi HTTP/1.1" 200 21972
INFO 2025-05-30 03:42:51,816 basehttp 7708 23760 "GET /admin/users/user/ HTTP/1.1" 302 0
INFO 2025-05-30 03:42:51,953 basehttp 7708 23760 "GET /admin/login/?next=/admin/users/user/ HTTP/1.1" 200 3090
